{
  "RSpec": {
    "coverage": {
      "/Users/dornachmias/projects/backend-exercise/lib/middleware/request_id.rb": {
        "lines": [
          null,
          null,
          1,
          1,
          1,
          null,
          null,
          1,
          38,
          38,
          null,
          null
        ],
        "branches": {
        }
      },
      "/Users/dornachmias/projects/backend-exercise/lib/core_ext/string.rb": {
        "lines": [
          null,
          null,
          1,
          1,
          1,
          null,
          null,
          1,
          1,
          1,
          null,
          null
        ],
        "branches": {
        }
      },
      "/Users/dornachmias/projects/backend-exercise/app/controllers/api/resource_controller.rb": {
        "lines": [
          null,
          null,
          1,
          1,
          1,
          null,
          1,
          null,
          1,
          1,
          null,
          29,
          null,
          1,
          83,
          82,
          null,
          null,
          1,
          1,
          1,
          null,
          null,
          1,
          5,
          null,
          null,
          1,
          7,
          4,
          null,
          null,
          1,
          7,
          6,
          null,
          null,
          1,
          5,
          4,
          null,
          null,
          1,
          null,
          1,
          6,
          null,
          null,
          1,
          44,
          null,
          null,
          1,
          43,
          null,
          null,
          1,
          87,
          null,
          null,
          null
        ],
        "branches": {
          "[:if, 0, 12, 19, 12, 53]": {
            "[:then, 1, 12, 19, 12, 44]": 9,
            "[:else, 2, 12, 19, 12, 53]": 19
          }
        }
      },
      "/Users/dornachmias/projects/backend-exercise/app/controllers/api/base_controller.rb": {
        "lines": [
          null,
          null,
          1,
          1,
          1,
          null,
          1,
          6,
          82,
          41,
          3,
          null,
          38,
          null,
          41,
          null,
          null,
          null,
          1,
          10,
          null,
          null,
          null
        ],
        "branches": {
          "[:if, 0, 10, 18, 14, 21]": {
            "[:then, 1, 11, 20, 11, 80]": 3,
            "[:else, 2, 13, 20, 13, 47]": 38
          }
        }
      },
      "/Users/dornachmias/projects/backend-exercise/app/controllers/application_controller.rb": {
        "lines": [
          null,
          null,
          1,
          83,
          1,
          null,
          1,
          79,
          79,
          79,
          null,
          null,
          1,
          1,
          10,
          null,
          null,
          null
        ],
        "branches": {
          "[:if, 0, 10, 4, 10, 50]": {
            "[:then, 1, 10, 4, 10, 29]": 10,
            "[:else, 2, 10, 4, 10, 50]": 69
          }
        }
      },
      "/Users/dornachmias/projects/backend-exercise/app/models/application_record.rb": {
        "lines": [
          null,
          null,
          1,
          1,
          null,
          1,
          null
        ],
        "branches": {
        }
      },
      "/Users/dornachmias/projects/backend-exercise/app/controllers/api/v1/base_controller.rb": {
        "lines": [
          null,
          null,
          1,
          1,
          1,
          1,
          null,
          1,
          1,
          null,
          null,
          1,
          52,
          null,
          null,
          1,
          30,
          null,
          null,
          1,
          85,
          null,
          null,
          1,
          85,
          null,
          null,
          1,
          2,
          null,
          null,
          1,
          85,
          null,
          null,
          1,
          52,
          null,
          null,
          null,
          null
        ],
        "branches": {
          "[:if, 0, 13, 8, 13, 58]": {
            "[:then, 1, 13, 8, 13, 28]": 18,
            "[:else, 2, 13, 8, 13, 58]": 34
          },
          "[:if, 3, 17, 8, 17, 84]": {
            "[:then, 4, 17, 8, 17, 28]": 8,
            "[:else, 5, 17, 8, 17, 84]": 22
          }
        }
      },
      "/Users/dornachmias/projects/backend-exercise/app/controllers/api/v1/examples_controller.rb": {
        "lines": [
          null,
          null,
          1,
          1,
          1,
          1,
          1,
          7,
          7,
          null,
          6,
          null,
          1,
          3,
          3,
          null,
          null,
          1,
          null,
          1,
          9,
          null,
          null,
          null,
          null
        ],
        "branches": {
          "[:if, 0, 9, 25, 9, 104]": {
            "[:then, 1, 9, 25, 9, 76]": 1,
            "[:else, 2, 9, 25, 9, 104]": 5
          }
        }
      },
      "/Users/dornachmias/projects/backend-exercise/app/controllers/api/v1/vehicles_controller.rb": {
        "lines": [
          null,
          null,
          1,
          1,
          1,
          1,
          14,
          5,
          null,
          9,
          null,
          1,
          5,
          5,
          5,
          null,
          5,
          null,
          null,
          1,
          null,
          1,
          15,
          null,
          null,
          1,
          5,
          null,
          2,
          null,
          1,
          null,
          null,
          null,
          null
        ],
        "branches": {
          "[:if, 0, 8, 25, 8, 104]": {
            "[:then, 1, 8, 25, 8, 76]": 1,
            "[:else, 2, 8, 25, 8, 104]": 3
          },
          "[:if, 3, 10, 25, 10, 88]": {
            "[:then, 4, 10, 25, 10, 67]": 6,
            "[:else, 5, 10, 25, 10, 88]": 2
          },
          "[:if, 6, 14, 8, 14, 83]": {
            "[:then, 7, 14, 8, 14, 57]": 0,
            "[:else, 8, 14, 8, 14, 83]": 5
          },
          "[:if, 9, 27, 8, 27, 91]": {
            "[:then, 10, 27, 8, 27, 70]": 3,
            "[:else, 11, 27, 8, 27, 91]": 2
          },
          "[:if, 12, 29, 8, 29, 50]": {
            "[:then, 13, 29, 8, 29, 35]": 1,
            "[:else, 14, 29, 8, 29, 50]": 1
          }
        }
      },
      "/Users/dornachmias/projects/backend-exercise/app/jobs/application_job.rb": {
        "lines": [
          null,
          null,
          1,
          null,
          null,
          null,
          null,
          null,
          null
        ],
        "branches": {
        }
      },
      "/Users/dornachmias/projects/backend-exercise/lib/formatters/json_formatter.rb": {
        "lines": [
          null,
          null,
          1,
          1,
          null,
          1,
          null,
          null,
          null,
          null,
          null,
          null,
          null,
          null
        ],
        "branches": {
        }
      },
      "/Users/dornachmias/projects/backend-exercise/app/mailers/application_mailer.rb": {
        "lines": [
          null,
          null,
          1,
          1,
          1,
          null
        ],
        "branches": {
        }
      },
      "/Users/dornachmias/projects/backend-exercise/app/models/example.rb": {
        "lines": [
          null,
          null,
          1,
          null
        ],
        "branches": {
        }
      },
      "/Users/dornachmias/projects/backend-exercise/app/models/auth.rb": {
        "lines": [
          null,
          null,
          1,
          null,
          null,
          1,
          1,
          79,
          null,
          69,
          null,
          null,
          null
        ],
        "branches": {
          "[:if, 0, 8, 6, 8, 40]": {
            "[:then, 1, 8, 6, 8, 15]": 10,
            "[:else, 2, 8, 6, 8, 40]": 69
          }
        }
      },
      "/Users/dornachmias/projects/backend-exercise/app/errors/forbidden_error.rb": {
        "lines": [
          null,
          null,
          1,
          1,
          26,
          null,
          null
        ],
        "branches": {
        }
      },
      "/Users/dornachmias/projects/backend-exercise/app/models/vehicle.rb": {
        "lines": [
          null,
          null,
          1,
          1,
          null
        ],
        "branches": {
        }
      },
      "/Users/dornachmias/projects/backend-exercise/app/controllers/api/status_controller.rb": {
        "lines": [
          null,
          null,
          1,
          1,
          1,
          1,
          1,
          null,
          1,
          null,
          null,
          1,
          null,
          null,
          null
        ],
        "branches": {
        }
      },
      "/Users/dornachmias/projects/backend-exercise/app/controllers/api/elastalert_controller.rb": {
        "lines": [
          null,
          null,
          1,
          1,
          1,
          1,
          2,
          2,
          null,
          null,
          null
        ],
        "branches": {
        }
      }
    },
    "timestamp": 1653657063
  }
}
